================================================================================
RESULTS
================================================================================

COLOR ONLY
----------------------------------------
Layer        Cosine Sim   RSA Corr    
----------------------------------------
layer1       0.588        0.125       
layer2       0.498        0.220       
layer3       0.473        0.126       
layer4       0.476        0.022       

LINE ONLY
----------------------------------------
Layer        Cosine Sim   RSA Corr    
----------------------------------------
layer1       0.408        -0.082      
layer2       0.324        -0.001      
layer3       0.393        0.134       
layer4       0.398        0.215       

LINE → COLOR
----------------------------------------
Layer        Cosine Sim   RSA Corr    
----------------------------------------
layer1       0.652        0.272       
layer2       0.628        0.332       
layer3       0.633        0.709   
layer4       0.554        0.457       

COLOR → LINE
----------------------------------------
Layer        Cosine Sim   RSA Corr    
----------------------------------------
layer1       0.467        0.001       
layer2       0.458        0.085       
layer3       0.486        0.686     
layer4       0.334        0.071       

INTERLEAVED
----------------------------------------
Layer        Cosine Sim   RSA Corr    
----------------------------------------
layer1       0.677        0.290       
layer2       0.658        0.263       
layer3       0.719        0.591  # High    
layer4       0.745        0.332       


